  MyForm.cpp
C:\Users\97mjh\OneDrive\바탕 화면\컴퓨터보안\실습 2주차\PasswordBruteForce\PasswordBruteForce\module\BruteForce.h(30,1): warning C4267: '초기화 중': 'size_t'에서 'int'(으)로 변환하면서 데이터가 손실될 수 있습니다.
C:\Users\97mjh\OneDrive\바탕 화면\컴퓨터보안\실습 2주차\PasswordBruteForce\PasswordBruteForce\module\BruteForce.h(48,1): warning C4267: '초기화 중': 'size_t'에서 'int'(으)로 변환하면서 데이터가 손실될 수 있습니다.
C:\Users\97mjh\OneDrive\바탕 화면\컴퓨터보안\실습 2주차\PasswordBruteForce\PasswordBruteForce\MyForm.h(307,55): warning C4244: '인수': '_This'에서 'double'(으)로 변환하면서 데이터가 손실될 수 있습니다.
          with
          [
              _This=BruteForce::lint
          ]
C:\Users\97mjh\OneDrive\바탕 화면\컴퓨터보안\실습 2주차\PasswordBruteForce\PasswordBruteForce\MyForm.h(307,50): warning C4244: '인수': '_This'에서 'double'(으)로 변환하면서 데이터가 손실될 수 있습니다.
          with
          [
              _This=BruteForce::lint
          ]
C:\Users\97mjh\OneDrive\바탕 화면\컴퓨터보안\실습 2주차\PasswordBruteForce\PasswordBruteForce\MyForm.h(318,55): warning C4244: '인수': '_This'에서 'double'(으)로 변환하면서 데이터가 손실될 수 있습니다.
          with
          [
              _This=BruteForce::lint
          ]
C:\Users\97mjh\OneDrive\바탕 화면\컴퓨터보안\실습 2주차\PasswordBruteForce\PasswordBruteForce\MyForm.h(318,50): warning C4244: '인수': '_This'에서 'double'(으)로 변환하면서 데이터가 손실될 수 있습니다.
          with
          [
              _This=BruteForce::lint
          ]
C:\Users\97mjh\OneDrive\바탕 화면\컴퓨터보안\실습 2주차\PasswordBruteForce\PasswordBruteForce\MyForm.h(329,55): warning C4244: '인수': '_This'에서 'double'(으)로 변환하면서 데이터가 손실될 수 있습니다.
          with
          [
              _This=BruteForce::lint
          ]
C:\Users\97mjh\OneDrive\바탕 화면\컴퓨터보안\실습 2주차\PasswordBruteForce\PasswordBruteForce\MyForm.h(329,50): warning C4244: '인수': '_This'에서 'double'(으)로 변환하면서 데이터가 손실될 수 있습니다.
          with
          [
              _This=BruteForce::lint
          ]
C:\Users\97mjh\OneDrive\바탕 화면\컴퓨터보안\실습 2주차\PasswordBruteForce\PasswordBruteForce\MyForm.h(340,55): warning C4244: '인수': '_This'에서 'double'(으)로 변환하면서 데이터가 손실될 수 있습니다.
          with
          [
              _This=BruteForce::lint
          ]
C:\Users\97mjh\OneDrive\바탕 화면\컴퓨터보안\실습 2주차\PasswordBruteForce\PasswordBruteForce\MyForm.h(340,50): warning C4244: '인수': '_This'에서 'double'(으)로 변환하면서 데이터가 손실될 수 있습니다.
          with
          [
              _This=BruteForce::lint
          ]
  MyForm.obj : MSIL 모듈이 발견되었습니다. MSIL에 증분 링크를 사용할 수 없습니다. 전체 링크를 수행하고 있습니다.
  PasswordBruteForce.vcxproj -> C:\Users\97mjh\OneDrive\바탕 화면\컴퓨터보안\실습 2주차\PasswordBruteForce\x64\Debug\PasswordBruteForce.exe
