  MyForm.cpp
E:\OneDrive - dongguk.edu\DGU_Unv\2023\4-1학기\컴퓨터보안\실습\실습 2주차\PasswordBruteForce\PasswordBruteForce\module\BruteForce.h(31,1): warning C4267: '초기화 중': 'size_t'에서 'int'(으)로 변환하면서 데이터가 손실될 수 있습니다.
E:\OneDrive - dongguk.edu\DGU_Unv\2023\4-1학기\컴퓨터보안\실습\실습 2주차\PasswordBruteForce\PasswordBruteForce\module\BruteForce.h(50,1): warning C4267: '초기화 중': 'size_t'에서 'int'(으)로 변환하면서 데이터가 손실될 수 있습니다.
E:\OneDrive - dongguk.edu\DGU_Unv\2023\4-1학기\컴퓨터보안\실습\실습 2주차\PasswordBruteForce\PasswordBruteForce\MyForm.h(380,173): warning C4244: '인수': '_This'에서 'double'(으)로 변환하면서 데이터가 손실될 수 있습니다.
          with
          [
              _This=BruteForce::lint
          ]
E:\OneDrive - dongguk.edu\DGU_Unv\2023\4-1학기\컴퓨터보안\실습\실습 2주차\PasswordBruteForce\PasswordBruteForce\MyForm.h(380,168): warning C4244: '인수': '_This'에서 'double'(으)로 변환하면서 데이터가 손실될 수 있습니다.
          with
          [
              _This=BruteForce::lint
          ]
E:\OneDrive - dongguk.edu\DGU_Unv\2023\4-1학기\컴퓨터보안\실습\실습 2주차\PasswordBruteForce\PasswordBruteForce\MyForm.h(391,173): warning C4244: '인수': '_This'에서 'double'(으)로 변환하면서 데이터가 손실될 수 있습니다.
          with
          [
              _This=BruteForce::lint
          ]
E:\OneDrive - dongguk.edu\DGU_Unv\2023\4-1학기\컴퓨터보안\실습\실습 2주차\PasswordBruteForce\PasswordBruteForce\MyForm.h(391,168): warning C4244: '인수': '_This'에서 'double'(으)로 변환하면서 데이터가 손실될 수 있습니다.
          with
          [
              _This=BruteForce::lint
          ]
E:\OneDrive - dongguk.edu\DGU_Unv\2023\4-1학기\컴퓨터보안\실습\실습 2주차\PasswordBruteForce\PasswordBruteForce\MyForm.h(402,173): warning C4244: '인수': '_This'에서 'double'(으)로 변환하면서 데이터가 손실될 수 있습니다.
          with
          [
              _This=BruteForce::lint
          ]
E:\OneDrive - dongguk.edu\DGU_Unv\2023\4-1학기\컴퓨터보안\실습\실습 2주차\PasswordBruteForce\PasswordBruteForce\MyForm.h(402,168): warning C4244: '인수': '_This'에서 'double'(으)로 변환하면서 데이터가 손실될 수 있습니다.
          with
          [
              _This=BruteForce::lint
          ]
E:\OneDrive - dongguk.edu\DGU_Unv\2023\4-1학기\컴퓨터보안\실습\실습 2주차\PasswordBruteForce\PasswordBruteForce\MyForm.h(413,173): warning C4244: '인수': '_This'에서 'double'(으)로 변환하면서 데이터가 손실될 수 있습니다.
          with
          [
              _This=BruteForce::lint
          ]
E:\OneDrive - dongguk.edu\DGU_Unv\2023\4-1학기\컴퓨터보안\실습\실습 2주차\PasswordBruteForce\PasswordBruteForce\MyForm.h(413,168): warning C4244: '인수': '_This'에서 'double'(으)로 변환하면서 데이터가 손실될 수 있습니다.
          with
          [
              _This=BruteForce::lint
          ]
  MyForm.obj : MSIL 모듈이 발견되었습니다. MSIL에 증분 링크를 사용할 수 없습니다. 전체 링크를 수행하고 있습니다.
  PasswordBruteForce.vcxproj -> E:\OneDrive - dongguk.edu\DGU_Unv\2023\4-1학기\컴퓨터보안\실습\실습 2주차\PasswordBruteForce\x64\Release\PasswordBruteForce.exe
